  tetris title.cpp
c:\users\planch2\documents\cau\basic_programming\c_tetris_vs\c_tetris_vs\sources\tetris title.cpp(8): error C3861: 'InitGame': identifier not found
c:\users\planch2\documents\cau\basic_programming\c_tetris_vs\c_tetris_vs\sources\tetris title.cpp(16): warning C4566: character represented by universal-character-name '\u25A0' cannot be represented in the current code page (1252)
c:\users\planch2\documents\cau\basic_programming\c_tetris_vs\c_tetris_vs\sources\tetris title.cpp(17): warning C4566: character represented by universal-character-name '\u25A0' cannot be represented in the current code page (1252)
c:\users\planch2\documents\cau\basic_programming\c_tetris_vs\c_tetris_vs\sources\tetris title.cpp(18): warning C4566: character represented by universal-character-name '\u25A0' cannot be represented in the current code page (1252)
c:\users\planch2\documents\cau\basic_programming\c_tetris_vs\c_tetris_vs\sources\tetris title.cpp(19): warning C4566: character represented by universal-character-name '\u25A0' cannot be represented in the current code page (1252)
c:\users\planch2\documents\cau\basic_programming\c_tetris_vs\c_tetris_vs\sources\tetris title.cpp(20): warning C4566: character represented by universal-character-name '\u25A0' cannot be represented in the current code page (1252)
c:\users\planch2\documents\cau\basic_programming\c_tetris_vs\c_tetris_vs\sources\tetris title.cpp(21): warning C4566: character represented by universal-character-name '\u25A0' cannot be represented in the current code page (1252)
c:\users\planch2\documents\cau\basic_programming\c_tetris_vs\c_tetris_vs\sources\tetris title.cpp(22): warning C4566: character represented by universal-character-name '\u25A0' cannot be represented in the current code page (1252)
c:\users\planch2\documents\cau\basic_programming\c_tetris_vs\c_tetris_vs\sources\tetris title.cpp(23): warning C4566: character represented by universal-character-name '\u25A0' cannot be represented in the current code page (1252)
c:\users\planch2\documents\cau\basic_programming\c_tetris_vs\c_tetris_vs\sources\tetris title.cpp(24): warning C4566: character represented by universal-character-name '\u25A0' cannot be represented in the current code page (1252)
c:\users\planch2\documents\cau\basic_programming\c_tetris_vs\c_tetris_vs\sources\tetris title.cpp(25): warning C4566: character represented by universal-character-name '\u25A0' cannot be represented in the current code page (1252)
c:\users\planch2\documents\cau\basic_programming\c_tetris_vs\c_tetris_vs\sources\tetris title.cpp(26): warning C4566: character represented by universal-character-name '\u25A0' cannot be represented in the current code page (1252)
c:\users\planch2\documents\cau\basic_programming\c_tetris_vs\c_tetris_vs\sources\tetris title.cpp(27): warning C4566: character represented by universal-character-name '\u25A0' cannot be represented in the current code page (1252)
c:\users\planch2\documents\cau\basic_programming\c_tetris_vs\c_tetris_vs\sources\tetris title.cpp(28): warning C4566: character represented by universal-character-name '\u25A0' cannot be represented in the current code page (1252)
c:\users\planch2\documents\cau\basic_programming\c_tetris_vs\c_tetris_vs\sources\tetris title.cpp(29): warning C4566: character represented by universal-character-name '\u25A0' cannot be represented in the current code page (1252)
c:\users\planch2\documents\cau\basic_programming\c_tetris_vs\c_tetris_vs\sources\tetris title.cpp(30): warning C4566: character represented by universal-character-name '\u25A0' cannot be represented in the current code page (1252)
c:\users\planch2\documents\cau\basic_programming\c_tetris_vs\c_tetris_vs\sources\tetris title.cpp(30): warning C4566: character represented by universal-character-name '\u2192' cannot be represented in the current code page (1252)
c:\users\planch2\documents\cau\basic_programming\c_tetris_vs\c_tetris_vs\sources\tetris title.cpp(30): warning C4566: character represented by universal-character-name '\u2190' cannot be represented in the current code page (1252)
c:\users\planch2\documents\cau\basic_programming\c_tetris_vs\c_tetris_vs\sources\tetris title.cpp(30): warning C4566: character represented by universal-character-name '\u2191' cannot be represented in the current code page (1252)
c:\users\planch2\documents\cau\basic_programming\c_tetris_vs\c_tetris_vs\sources\tetris title.cpp(30): warning C4566: character represented by universal-character-name '\u2193' cannot be represented in the current code page (1252)
c:\users\planch2\documents\cau\basic_programming\c_tetris_vs\c_tetris_vs\sources\tetris title.cpp(31): warning C4566: character represented by universal-character-name '\u25A0' cannot be represented in the current code page (1252)
c:\users\planch2\documents\cau\basic_programming\c_tetris_vs\c_tetris_vs\sources\tetris title.cpp(32): warning C4566: character represented by universal-character-name '\u25A0' cannot be represented in the current code page (1252)
c:\users\planch2\documents\cau\basic_programming\c_tetris_vs\c_tetris_vs\sources\tetris title.cpp(33): warning C4566: character represented by universal-character-name '\u25A0' cannot be represented in the current code page (1252)
c:\users\planch2\documents\cau\basic_programming\c_tetris_vs\c_tetris_vs\sources\tetris title.cpp(34): warning C4566: character represented by universal-character-name '\u25A0' cannot be represented in the current code page (1252)
c:\users\planch2\documents\cau\basic_programming\c_tetris_vs\c_tetris_vs\sources\tetris title.cpp(35): warning C4566: character represented by universal-character-name '\u25A0' cannot be represented in the current code page (1252)
c:\users\planch2\documents\cau\basic_programming\c_tetris_vs\c_tetris_vs\sources\tetris title.cpp(52): warning C4566: character represented by universal-character-name '\u25A0' cannot be represented in the current code page (1252)
c:\users\planch2\documents\cau\basic_programming\c_tetris_vs\c_tetris_vs\sources\tetris title.cpp(53): warning C4566: character represented by universal-character-name '\u25A0' cannot be represented in the current code page (1252)
c:\users\planch2\documents\cau\basic_programming\c_tetris_vs\c_tetris_vs\sources\tetris title.cpp(54): warning C4566: character represented by universal-character-name '\u25A0' cannot be represented in the current code page (1252)
c:\users\planch2\documents\cau\basic_programming\c_tetris_vs\c_tetris_vs\sources\tetris title.cpp(55): warning C4566: character represented by universal-character-name '\u25A0' cannot be represented in the current code page (1252)
c:\users\planch2\documents\cau\basic_programming\c_tetris_vs\c_tetris_vs\sources\tetris title.cpp(56): warning C4566: character represented by universal-character-name '\u25A0' cannot be represented in the current code page (1252)
c:\users\planch2\documents\cau\basic_programming\c_tetris_vs\c_tetris_vs\sources\tetris title.cpp(57): warning C4566: character represented by universal-character-name '\u25A0' cannot be represented in the current code page (1252)
c:\users\planch2\documents\cau\basic_programming\c_tetris_vs\c_tetris_vs\sources\tetris title.cpp(58): warning C4566: character represented by universal-character-name '\u25A0' cannot be represented in the current code page (1252)
c:\users\planch2\documents\cau\basic_programming\c_tetris_vs\c_tetris_vs\sources\tetris title.cpp(59): warning C4566: character represented by universal-character-name '\u25A0' cannot be represented in the current code page (1252)
c:\users\planch2\documents\cau\basic_programming\c_tetris_vs\c_tetris_vs\sources\tetris title.cpp(60): warning C4566: character represented by universal-character-name '\u25A0' cannot be represented in the current code page (1252)
c:\users\planch2\documents\cau\basic_programming\c_tetris_vs\c_tetris_vs\sources\tetris title.cpp(61): warning C4566: character represented by universal-character-name '\u25A0' cannot be represented in the current code page (1252)
c:\users\planch2\documents\cau\basic_programming\c_tetris_vs\c_tetris_vs\sources\tetris title.cpp(62): warning C4566: character represented by universal-character-name '\u25A0' cannot be represented in the current code page (1252)
c:\users\planch2\documents\cau\basic_programming\c_tetris_vs\c_tetris_vs\sources\tetris title.cpp(63): warning C4566: character represented by universal-character-name '\u25A0' cannot be represented in the current code page (1252)
c:\users\planch2\documents\cau\basic_programming\c_tetris_vs\c_tetris_vs\sources\tetris title.cpp(64): warning C4566: character represented by universal-character-name '\u25A0' cannot be represented in the current code page (1252)
c:\users\planch2\documents\cau\basic_programming\c_tetris_vs\c_tetris_vs\sources\tetris title.cpp(65): warning C4566: character represented by universal-character-name '\u25A0' cannot be represented in the current code page (1252)
c:\users\planch2\documents\cau\basic_programming\c_tetris_vs\c_tetris_vs\sources\tetris title.cpp(66): warning C4566: character represented by universal-character-name '\u25A0' cannot be represented in the current code page (1252)
c:\users\planch2\documents\cau\basic_programming\c_tetris_vs\c_tetris_vs\sources\tetris title.cpp(67): warning C4566: character represented by universal-character-name '\u25A0' cannot be represented in the current code page (1252)
c:\users\planch2\documents\cau\basic_programming\c_tetris_vs\c_tetris_vs\sources\tetris title.cpp(68): warning C4566: character represented by universal-character-name '\u25A0' cannot be represented in the current code page (1252)
c:\users\planch2\documents\cau\basic_programming\c_tetris_vs\c_tetris_vs\sources\tetris title.cpp(69): warning C4566: character represented by universal-character-name '\u25A0' cannot be represented in the current code page (1252)
c:\users\planch2\documents\cau\basic_programming\c_tetris_vs\c_tetris_vs\sources\tetris title.cpp(70): warning C4566: character represented by universal-character-name '\u25A0' cannot be represented in the current code page (1252)
c:\users\planch2\documents\cau\basic_programming\c_tetris_vs\c_tetris_vs\sources\tetris title.cpp(71): warning C4566: character represented by universal-character-name '\u25A0' cannot be represented in the current code page (1252)
  tetris.cpp
c:\users\planch2\documents\cau\basic_programming\c_tetris_vs\c_tetris_vs\sources\tetris.cpp(77): warning C4244: 'argument': conversion from 'time_t' to 'unsigned int', possible loss of data
  Generating Code...
